Performing C SOURCE FILE Test CMAKE_HAVE_LIBC_PTHREAD failed with the following output:
Change Dir: /home/cavise/1548/NVIDIA-OptiX-SDK-6.5.0-linux64/SDK/CMakeFiles/CMakeTmp

Run Build Command(s):/usr/bin/make cmTC_64c6e/fast && /usr/bin/make -f CMakeFiles/cmTC_64c6e.dir/build.make CMakeFiles/cmTC_64c6e.dir/build
make[1]: вход в каталог «/home/cavise/1548/NVIDIA-OptiX-SDK-6.5.0-linux64/SDK/CMakeFiles/CMakeTmp»
Building C object CMakeFiles/cmTC_64c6e.dir/src.c.o
/usr/bin/cc   -fPIC -DCMAKE_HAVE_LIBC_PTHREAD   -o CMakeFiles/cmTC_64c6e.dir/src.c.o   -c /home/cavise/1548/NVIDIA-OptiX-SDK-6.5.0-linux64/SDK/CMakeFiles/CMakeTmp/src.c
Linking C executable cmTC_64c6e
/usr/bin/cmake -E cmake_link_script CMakeFiles/cmTC_64c6e.dir/link.txt --verbose=1
/usr/bin/cc -fPIC -DCMAKE_HAVE_LIBC_PTHREAD    -rdynamic CMakeFiles/cmTC_64c6e.dir/src.c.o  -o cmTC_64c6e 
/usr/bin/ld: CMakeFiles/cmTC_64c6e.dir/src.c.o: в функции «main»:
src.c:(.text+0x3e): неопределённая ссылка на «pthread_create»
/usr/bin/ld: src.c:(.text+0x4a): неопределённая ссылка на «pthread_detach»
/usr/bin/ld: src.c:(.text+0x5b): неопределённая ссылка на «pthread_join»
collect2: error: ld returned 1 exit status
make[1]: *** [CMakeFiles/cmTC_64c6e.dir/build.make:87: cmTC_64c6e] Ошибка 1
make[1]: выход из каталога «/home/cavise/1548/NVIDIA-OptiX-SDK-6.5.0-linux64/SDK/CMakeFiles/CMakeTmp»
make: *** [Makefile:121: cmTC_64c6e/fast] Ошибка 2


Source file was:
#include <pthread.h>

void* test_func(void* data)
{
  return data;
}

int main(void)
{
  pthread_t thread;
  pthread_create(&thread, NULL, test_func, NULL);
  pthread_detach(thread);
  pthread_join(thread, NULL);
  pthread_atfork(NULL, NULL, NULL);
  pthread_exit(NULL);

  return 0;
}

Determining if the function pthread_create exists in the pthreads failed with the following output:
Change Dir: /home/cavise/1548/NVIDIA-OptiX-SDK-6.5.0-linux64/SDK/CMakeFiles/CMakeTmp

Run Build Command(s):/usr/bin/make cmTC_5b12a/fast && /usr/bin/make -f CMakeFiles/cmTC_5b12a.dir/build.make CMakeFiles/cmTC_5b12a.dir/build
make[1]: вход в каталог «/home/cavise/1548/NVIDIA-OptiX-SDK-6.5.0-linux64/SDK/CMakeFiles/CMakeTmp»
Building C object CMakeFiles/cmTC_5b12a.dir/CheckFunctionExists.c.o
/usr/bin/cc   -fPIC -DCHECK_FUNCTION_EXISTS=pthread_create   -o CMakeFiles/cmTC_5b12a.dir/CheckFunctionExists.c.o   -c /usr/share/cmake-3.16/Modules/CheckFunctionExists.c
Linking C executable cmTC_5b12a
/usr/bin/cmake -E cmake_link_script CMakeFiles/cmTC_5b12a.dir/link.txt --verbose=1
/usr/bin/cc -fPIC -DCHECK_FUNCTION_EXISTS=pthread_create    -rdynamic CMakeFiles/cmTC_5b12a.dir/CheckFunctionExists.c.o  -o cmTC_5b12a  -lpthreads 
/usr/bin/ld: невозможно найти -lpthreads
collect2: error: ld returned 1 exit status
make[1]: *** [CMakeFiles/cmTC_5b12a.dir/build.make:87: cmTC_5b12a] Ошибка 1
make[1]: выход из каталога «/home/cavise/1548/NVIDIA-OptiX-SDK-6.5.0-linux64/SDK/CMakeFiles/CMakeTmp»
make: *** [Makefile:121: cmTC_5b12a/fast] Ошибка 2



